<?xml version="1.0" encoding="UTF-8"?>
<testsuite name="test.pivotal.pal.trackerapi.TimeEntryApiTest" tests="5" skipped="0" failures="0" errors="0" timestamp="2017-11-30T18:32:15" hostname="DESKTOP-O57FP2L" time="0.627">
  <properties/>
  <testcase name="testList" classname="test.pivotal.pal.trackerapi.TimeEntryApiTest" time="0.196"/>
  <testcase name="testRead" classname="test.pivotal.pal.trackerapi.TimeEntryApiTest" time="0.095"/>
  <testcase name="testCreate" classname="test.pivotal.pal.trackerapi.TimeEntryApiTest" time="0.072"/>
  <testcase name="testDelete" classname="test.pivotal.pal.trackerapi.TimeEntryApiTest" time="0.158"/>
  <testcase name="testUpdate" classname="test.pivotal.pal.trackerapi.TimeEntryApiTest" time="0.101"/>
  <system-out><![CDATA[2017-11-30 18:32:15.280  INFO 7820 --- [    Test worker] .b.t.c.SpringBootTestContextBootstrapper : Neither @ContextConfiguration nor @ContextHierarchy found for test class [test.pivotal.pal.trackerapi.TimeEntryApiTest], using SpringBootContextLoader
2017-11-30 18:32:15.281  INFO 7820 --- [    Test worker] o.s.t.c.support.AbstractContextLoader    : Could not detect default resource locations for test class [test.pivotal.pal.trackerapi.TimeEntryApiTest]: no resource found for suffixes {-context.xml, Context.groovy}.
2017-11-30 18:32:15.288  INFO 7820 --- [    Test worker] .b.t.c.SpringBootTestContextBootstrapper : Loaded default TestExecutionListener class names from location [META-INF/spring.factories]: [org.springframework.boot.test.autoconfigure.restdocs.RestDocsTestExecutionListener, org.springframework.boot.test.autoconfigure.web.client.MockRestServiceServerResetTestExecutionListener, org.springframework.boot.test.autoconfigure.web.servlet.MockMvcPrintOnlyOnFailureTestExecutionListener, org.springframework.boot.test.autoconfigure.web.servlet.WebDriverTestExecutionListener, org.springframework.boot.test.mock.mockito.MockitoTestExecutionListener, org.springframework.boot.test.mock.mockito.ResetMocksTestExecutionListener, org.springframework.test.context.web.ServletTestExecutionListener, org.springframework.test.context.support.DirtiesContextBeforeModesTestExecutionListener, org.springframework.test.context.support.DependencyInjectionTestExecutionListener, org.springframework.test.context.support.DirtiesContextTestExecutionListener, org.springframework.test.context.transaction.TransactionalTestExecutionListener, org.springframework.test.context.jdbc.SqlScriptsTestExecutionListener]
2017-11-30 18:32:15.291  INFO 7820 --- [    Test worker] .b.t.c.SpringBootTestContextBootstrapper : Using TestExecutionListeners: [org.springframework.test.context.web.ServletTestExecutionListener@3b735f2c, org.springframework.test.context.support.DirtiesContextBeforeModesTestExecutionListener@1ce82188, org.springframework.boot.test.autoconfigure.SpringBootDependencyInjectionTestExecutionListener@453f33d3, org.springframework.test.context.support.DirtiesContextTestExecutionListener@6a5b1eda, org.springframework.test.context.transaction.TransactionalTestExecutionListener@4b70b682, org.springframework.test.context.jdbc.SqlScriptsTestExecutionListener@16493a05, org.springframework.boot.test.mock.mockito.ResetMocksTestExecutionListener@2ad422b4, org.springframework.boot.test.autoconfigure.restdocs.RestDocsTestExecutionListener@184b54fa, org.springframework.boot.test.autoconfigure.web.servlet.WebDriverTestExecutionListener@564125d7, org.springframework.boot.test.autoconfigure.web.client.MockRestServiceServerResetTestExecutionListener@907a408, org.springframework.boot.test.autoconfigure.web.servlet.MockMvcPrintOnlyOnFailureTestExecutionListener@2cdf61e, org.springframework.boot.test.mock.mockito.MockitoTestExecutionListener@40e38e39]
]]></system-out>
  <system-err><![CDATA[]]></system-err>
</testsuite>
